<?xml version="1.0" encoding="UTF-8"?>
<!-- Generated by org.testng.reporters.JUnitReportReporter -->
<testsuite hostname="DESKTOP-1KRES72" failures="0" tests="1" name="testPackage.Test1" time="11.837" errors="0" timestamp="2025-06-26T15:40:30 IST" skipped="0">
  <testcase classname="testPackage.Test1" name="a" time="11.837"/>
</testsuite> <!-- testPackage.Test1 -->
